Arguments: 
  /home/abhi/.nvm/versions/node/v6.9.0/bin/node /home/abhi/.nvm/versions/node/v6.9.0/bin/yarn add loopback-connector-mongodb

PATH: 
  /home/abhi/.nvm/versions/node/v6.9.0/bin:/home/abhi/.local/share/umake/bin:/home/abhi/.sdkman/candidates/springboot/current/bin:/home/abhi/.sdkman/candidates/gradle/current/bin:/home/abhi/.local/share/umake/bin:/usr/local/sbin:/usr/local/bin:/usr/sbin:/usr/bin:/sbin:/bin:/usr/games:/usr/local/games:/snap/bin

Yarn version: 
  1.2.1

Node version: 
  6.9.0

Platform: 
  linux x64

npm manifest: 
  {
    "name": "react-todo",
    "version": "1.0.0",
    "main": "server/server.js",
    "engines": {
      "node": ">=4"
    },
    "scripts": {
      "lint": "eslint .",
      "start": "node .",
      "posttest": "npm run lint && nsp check"
    },
    "dependencies": {
      "compression": "^1.0.3",
      "cors": "^2.5.2",
      "helmet": "^1.3.0",
      "loopback-boot": "^2.6.5",
      "serve-favicon": "^2.0.1",
      "strong-error-handler": "^2.0.0",
      "loopback-component-explorer": "^5.0.0",
      "loopback": "^3.0.0"
    },
    "devDependencies": {
      "eslint": "^3.17.1",
      "eslint-config-loopback": "^8.0.0",
      "nsp": "^2.1.0"
    },
    "repository": {
      "type": "",
      "url": ""
    },
    "license": "UNLICENSED",
    "description": "react-todo"
  }

yarn manifest: 
  No manifest

Lockfile: 
  No lockfile

Trace: 
  Error: https://registry.npmjs.org/compression: ETIMEDOUT
      at Timeout._onTimeout (/home/abhi/.nvm/versions/node/v6.9.0/lib/node_modules/yarn/lib/cli.js:123675:19)
      at ontimeout (timers.js:365:14)
      at tryOnTimeout (timers.js:237:5)
      at Timer.listOnTimeout (timers.js:207:5)
